#
# There is insufficient memory for the Java Runtime Environment to continue.
# Native memory allocation (mmap) failed to map 98566144 bytes. Error detail: G1 virtual space
# Possible reasons:
#   The system is out of physical RAM or swap space
#   This process is running with CompressedOops enabled, and the Java Heap may be blocking the growth of the native heap
# Possible solutions:
#   Reduce memory load on the system
#   Increase physical memory or swap space
#   Check if swap backing store is full
#   Decrease Java heap size (-Xmx/-Xms)
#   Decrease number of Java threads
#   Decrease Java thread stack sizes (-Xss)
#   Set larger code cache with -XX:ReservedCodeCacheSize=
#   JVM is running with Unscaled Compressed Oops mode in which the Java heap is
#     placed in the first 4GB address space. The Java Heap base address is the
#     maximum limit for the native heap growth. Please use -XX:HeapBaseMinAddress
#     to set the Java Heap base and to place the Java Heap above 4GB virtual address.
# This output file may be truncated or incomplete.
#
#  Out of Memory Error (os_windows.cpp:3707), pid=31476, tid=32412
#
# JRE version:  (23.0.2+7) (build )
# Java VM: Java HotSpot(TM) 64-Bit Server VM (23.0.2+7-58, mixed mode, sharing, tiered, compressed oops, compressed class ptrs, g1 gc, windows-amd64)
# No core dump will be written. Minidumps are not enabled by default on client versions of Windows
#

---------------  S U M M A R Y ------------

Command Line: --module-path=“C:\Users\jahnv\javafx-sdk-23.0.2\lib” --add-modules=javafx.controls,javafx.fxml -Dfile.encoding=UTF-8 -Dstdout.encoding=UTF-8 -Dstderr.encoding=UTF-8 --module-path=C:\Users\jahnv\eclipse-workspace\HW1\bin;C:\Users\jahnv\javafx-sdk-23.0.2\lib\javafx-swt.jar;C:\Users\jahnv\javafx-sdk-23.0.2\lib\javafx.web.jar;C:\Users\jahnv\javafx-sdk-23.0.2\lib\javafx.swing.jar;C:\Users\jahnv\javafx-sdk-23.0.2\lib\javafx.media.jar;C:\Users\jahnv\javafx-sdk-23.0.2\lib\javafx.graphics.jar;C:\Users\jahnv\javafx-sdk-23.0.2\lib\javafx.fxml.jar;C:\Users\jahnv\javafx-sdk-23.0.2\lib\javafx.controls.jar;C:\Users\jahnv\javafx-sdk-23.0.2\lib\javafx.base.jar -XX:+ShowCodeDetailsInExceptionMessages -Djdk.module.main=HW1 HW1/application.StartCSE360

Host: AMD Ryzen 5 5500U with Radeon Graphics         , 12 cores, 5G,  Windows 11 , 64 bit Build 22621 (10.0.22621.4391)
Time: Sun Jan 26 21:22:46 2025 US Mountain Standard Time elapsed time: 0.014706 seconds (0d 0h 0m 0s)

---------------  T H R E A D  ---------------

Current thread (0x0000018648eae840):  JavaThread "Unknown thread" [_thread_in_vm, id=32412, stack(0x00000057d6100000,0x00000057d6200000) (1024K)]

Stack: [0x00000057d6100000,0x00000057d6200000]
Native frames: (J=compiled Java code, j=interpreted, Vv=VM code, C=native code)
V  [jvm.dll+0x6e0b99]  (no source info available)
V  [jvm.dll+0x87e2b3]  (no source info available)
V  [jvm.dll+0x88073e]  (no source info available)
V  [jvm.dll+0x880e13]  (no source info available)
V  [jvm.dll+0x27b006]  (no source info available)
V  [jvm.dll+0x6dd485]  (no source info available)
V  [jvm.dll+0x6d127a]  (no source info available)
V  [jvm.dll+0x35b50a]  (no source info available)
V  [jvm.dll+0x363916]  (no source info available)
V  [jvm.dll+0x34fe7e]  (no source info available)
V  [jvm.dll+0x350118]  (no source info available)
V  [jvm.dll+0x328aec]  (no source info available)
V  [jvm.dll+0x32978e]  (no source info available)
V  [jvm.dll+0x8449a5]  (no source info available)
V  [jvm.dll+0x3b9a08]  (no source info available)
V  [jvm.dll+0x82d68c]  (no source info available)
V  [jvm.dll+0x454f2e]  (no source info available)
V  [jvm.dll+0x456db1]  (no source info available)
C  [jli.dll+0x52a3]  (no source info available)
C  [ucrtbase.dll+0x29333]  (no source info available)
C  [KERNEL32.DLL+0x1259d]  (no source info available)
C  [ntdll.dll+0x5af38]  (no source info available)

Lock stack of current Java thread (top to bottom):


---------------  P R O C E S S  ---------------

Threads class SMR info:
_java_thread_list=0x00007ffdd4754618, length=0, elements={
}

Java Threads: ( => current thread )
Total: 0

Other Threads:
  0x000001864b2c4d20 WorkerThread "GC Thread#0"                     [id=15248, stack(0x00000057d6200000,0x00000057d6300000) (1024K)]
  0x000001864b2d5740 ConcurrentGCThread "G1 Main Marker"            [id=31484, stack(0x00000057d6300000,0x00000057d6400000) (1024K)]
  0x000001864b2d6ba0 WorkerThread "G1 Conc#0"                       [id=19096, stack(0x00000057d6400000,0x00000057d6500000) (1024K)]

[error occurred during error reporting (printing all threads), id 0xc0000005, EXCEPTION_ACCESS_VIOLATION (0xc0000005) at pc=0x00007ffdd3e9c0da]
VM state: not at safepoint (not fully initialized)

VM Mutex/Monitor currently owned by a thread:  ([mutex/lock_event])
[0x00007ffdd47d4988] Heap_lock - owner thread: 0x0000018648eae840

Heap address: 0x00000000a2800000, size: 1496 MB, Compressed Oops mode: 32-bit

CDS archive(s) mapped at: [0x0000000000000000-0x0000000000000000-0x0000000000000000), size 0, SharedBaseAddress: 0x0000000800000000, ArchiveRelocationMode: 1.
Narrow klass base: 0x0000000000000000, Narrow klass shift: 0, Narrow klass range: 0x0

GC Precious Log:
 CardTable entry size: 512
 Card Set container configuration: InlinePtr #cards 5 size 8 Array Of Cards #cards 10 size 36 Howl #buckets 4 coarsen threshold 1843 Howl Bitmap #cards 512 size 80 coarsen threshold 460 Card regions per heap region 1 cards per card region 2048

Heap:
 garbage-first heap   total reserved 1531904K, committed 0K, used 0K [0x00000000a2800000, 0x0000000100000000)
  region size 1024K, 0 young (0K), 0 survivors (0K)

[error occurred during error reporting (printing heap information), id 0xc0000005, EXCEPTION_ACCESS_VIOLATION (0xc0000005) at pc=0x00007ffdd429c6a9]
GC Heap History (0 events):
No events

Dll operation events (1 events):
Event: 0.010 Loaded shared library C:\Program Files\Java\jdk-23\bin\java.dll

Deoptimization events (0 events):
No events

Classes loaded (0 events):
No events

Classes unloaded (0 events):
No events

Classes redefined (0 events):
No events

Internal exceptions (0 events):
No events

VM Operations (0 events):
No events

Memory protections (0 events):
No events

Nmethod flushes (0 events):
No events

Events (0 events):
No events


Dynamic libraries:
0x00007ff6f2920000 - 0x00007ff6f2930000 	C:\Program Files\Java\jdk-23\bin\javaw.exe
0x00007ffe96230000 - 0x00007ffe96447000 	C:\WINDOWS\SYSTEM32\ntdll.dll
0x00007ffe94170000 - 0x00007ffe94234000 	C:\WINDOWS\System32\KERNEL32.DLL
0x00007ffe93880000 - 0x00007ffe93c3a000 	C:\WINDOWS\System32\KERNELBASE.dll
0x00007ffe93e00000 - 0x00007ffe93f11000 	C:\WINDOWS\System32\ucrtbase.dll
0x00007ffe8d600000 - 0x00007ffe8d617000 	C:\Program Files\Java\jdk-23\bin\jli.dll
0x00007ffe84120000 - 0x00007ffe8413b000 	C:\Program Files\Java\jdk-23\bin\VCRUNTIME140.dll
0x00007ffe94720000 - 0x00007ffe948ce000 	C:\WINDOWS\System32\USER32.dll
0x00007ffe93ce0000 - 0x00007ffe93d06000 	C:\WINDOWS\System32\win32u.dll
0x00007ffe94c20000 - 0x00007ffe94c49000 	C:\WINDOWS\System32\GDI32.dll
0x00007ffe82b70000 - 0x00007ffe82e02000 	C:\WINDOWS\WinSxS\amd64_microsoft.windows.common-controls_6595b64144ccf1df_6.0.22621.4541_none_2710d1c57384c085\COMCTL32.dll
0x00007ffe936e0000 - 0x00007ffe937fb000 	C:\WINDOWS\System32\gdi32full.dll
0x00007ffe93fc0000 - 0x00007ffe94067000 	C:\WINDOWS\System32\msvcrt.dll
0x00007ffe93c40000 - 0x00007ffe93cda000 	C:\WINDOWS\System32\msvcp_win.dll
0x00007ffe93f30000 - 0x00007ffe93f61000 	C:\WINDOWS\System32\IMM32.DLL
0x00007ffe83aa0000 - 0x00007ffe83aac000 	C:\Program Files\Java\jdk-23\bin\vcruntime140_1.dll
0x00007ffe53680000 - 0x00007ffe5370e000 	C:\Program Files\Java\jdk-23\bin\msvcp140.dll
0x00007ffdd3b60000 - 0x00007ffdd48b0000 	C:\Program Files\Java\jdk-23\bin\server\jvm.dll
0x00007ffe94d20000 - 0x00007ffe94dd2000 	C:\WINDOWS\System32\ADVAPI32.dll
0x00007ffe94c70000 - 0x00007ffe94d17000 	C:\WINDOWS\System32\sechost.dll
0x00007ffe93dd0000 - 0x00007ffe93df8000 	C:\WINDOWS\System32\bcrypt.dll
0x00007ffe960d0000 - 0x00007ffe961e4000 	C:\WINDOWS\System32\RPCRT4.dll
0x00007ffe94b80000 - 0x00007ffe94bf1000 	C:\WINDOWS\System32\WS2_32.dll
0x00007ffe92380000 - 0x00007ffe923cd000 	C:\WINDOWS\SYSTEM32\POWRPROF.dll
0x00007ffe90880000 - 0x00007ffe908b4000 	C:\WINDOWS\SYSTEM32\WINMM.dll
0x00007ffe8ddc0000 - 0x00007ffe8ddca000 	C:\WINDOWS\SYSTEM32\VERSION.dll
0x00007ffe92360000 - 0x00007ffe92373000 	C:\WINDOWS\SYSTEM32\UMPDC.dll
0x00007ffe92620000 - 0x00007ffe92638000 	C:\WINDOWS\SYSTEM32\kernel.appcore.dll
0x00007ffe83a90000 - 0x00007ffe83a9a000 	C:\Program Files\Java\jdk-23\bin\jimage.dll
0x00007ffe90600000 - 0x00007ffe90832000 	C:\WINDOWS\SYSTEM32\DBGHELP.DLL
0x00007ffe95ab0000 - 0x00007ffe95e41000 	C:\WINDOWS\System32\combase.dll
0x00007ffe94aa0000 - 0x00007ffe94b77000 	C:\WINDOWS\System32\OLEAUT32.dll
0x00007ffe90840000 - 0x00007ffe90872000 	C:\WINDOWS\SYSTEM32\dbgcore.DLL
0x00007ffe93800000 - 0x00007ffe9387b000 	C:\WINDOWS\System32\bcryptPrimitives.dll
0x00007ffe80f70000 - 0x00007ffe80f8e000 	C:\Program Files\Java\jdk-23\bin\java.dll
0x00007ffe948d0000 - 0x00007ffe94a75000 	C:\WINDOWS\System32\ole32.dll
0x00007ffe95230000 - 0x00007ffe95aa9000 	C:\WINDOWS\System32\SHELL32.dll

dbghelp: loaded successfully - version: 4.0.5 - missing functions: none
symbol engine: initialized successfully - sym options: 0x614 - pdb path: .;C:\Program Files\Java\jdk-23\bin;C:\WINDOWS\SYSTEM32;C:\WINDOWS\WinSxS\amd64_microsoft.windows.common-controls_6595b64144ccf1df_6.0.22621.4541_none_2710d1c57384c085;C:\Program Files\Java\jdk-23\bin\server

VM Arguments:
jvm_args: --module-path=“C:\Users\jahnv\javafx-sdk-23.0.2\lib” --add-modules=javafx.controls,javafx.fxml -Dfile.encoding=UTF-8 -Dstdout.encoding=UTF-8 -Dstderr.encoding=UTF-8 --module-path=C:\Users\jahnv\eclipse-workspace\HW1\bin;C:\Users\jahnv\javafx-sdk-23.0.2\lib\javafx-swt.jar;C:\Users\jahnv\javafx-sdk-23.0.2\lib\javafx.web.jar;C:\Users\jahnv\javafx-sdk-23.0.2\lib\javafx.swing.jar;C:\Users\jahnv\javafx-sdk-23.0.2\lib\javafx.media.jar;C:\Users\jahnv\javafx-sdk-23.0.2\lib\javafx.graphics.jar;C:\Users\jahnv\javafx-sdk-23.0.2\lib\javafx.fxml.jar;C:\Users\jahnv\javafx-sdk-23.0.2\lib\javafx.controls.jar;C:\Users\jahnv\javafx-sdk-23.0.2\lib\javafx.base.jar -XX:+ShowCodeDetailsInExceptionMessages -Djdk.module.main=HW1 
java_command: HW1/application.StartCSE360
java_class_path (initial): C:\Users\jahnv\h2\h2\bin\h2-2.3.232.jar
Launcher Type: SUN_STANDARD

[Global flags]
     intx CICompilerCount                          = 4                                         {product} {ergonomic}
     uint ConcGCThreads                            = 3                                         {product} {ergonomic}
     uint G1ConcRefinementThreads                  = 10                                        {product} {ergonomic}
   size_t G1HeapRegionSize                         = 1048576                                   {product} {ergonomic}
   size_t InitialHeapSize                          = 98566144                                  {product} {ergonomic}
   size_t MarkStackSize                            = 4194304                                   {product} {ergonomic}
   size_t MarkStackSizeMax                         = 536870912                                 {product} {ergonomic}
   size_t MaxHeapSize                              = 1568669696                                {product} {ergonomic}
   size_t MinHeapDeltaBytes                        = 1048576                                   {product} {ergonomic}
   size_t MinHeapSize                              = 8388608                                   {product} {ergonomic}
    uintx NonNMethodCodeHeapSize                   = 5832704                                {pd product} {ergonomic}
    uintx NonProfiledCodeHeapSize                  = 122945536                              {pd product} {ergonomic}
    uintx ProfiledCodeHeapSize                     = 122880000                              {pd product} {ergonomic}
    uintx ReservedCodeCacheSize                    = 251658240                              {pd product} {ergonomic}
     bool SegmentedCodeCache                       = true                                      {product} {ergonomic}
     bool ShowCodeDetailsInExceptionMessages       = true                                   {manageable} {command line}
   size_t SoftMaxHeapSize                          = 1568669696                             {manageable} {ergonomic}
     bool UseCompressedOops                        = true                           {product lp64_product} {ergonomic}
     bool UseG1GC                                  = true                                      {product} {ergonomic}
     bool UseLargePagesIndividualAllocation        = false                                  {pd product} {ergonomic}

Logging:
Log output configuration:
 #0: stdout all=warning uptime,level,tags foldmultilines=false
 #1: stderr all=off uptime,level,tags foldmultilines=false

Environment Variables:
JAVA_HOME=C:\Program Files\Java\jdk-23\bin
PATH=C:/Users/jahnv/.p2/pool/plugins/org.eclipse.justj.openjdk.hotspot.jre.full.win32.x86_64_23.0.1.v20241024-1700/jre/bin/server;C:/Users/jahnv/.p2/pool/plugins/org.eclipse.justj.openjdk.hotspot.jre.full.win32.x86_64_23.0.1.v20241024-1700/jre/bin;C:\Program Files\Common Files\Oracle\Java\javapath;C:\WINDOWS\system32;C:\WINDOWS;C:\WINDOWS\System32\Wbem;C:\WINDOWS\System32\WindowsPowerShell\v1.0\;C:\WINDOWS\System32\OpenSSH\;C:\Program Files\Amazon\AWSCLIV2\;C:\Program Files\Git\cmd;C:\Program Files\PuTTY\;C:\Program Files\Cloudflare\Cloudflare WARP\;C:\Program Files\MATLAB\R2023b\bin;C:\Program Files\dotnet\;C:\Program Files (x86)\Windows Kits\10\Windows Performance Toolkit\;C:\Program Files\Java\jdk-23\bin;C:\Users\jahnv\AppData\Local\Programs\Python\Python311\Scripts\;C:\Users\jahnv\AppData\Local\Programs\Python\Python311\;C:\Users\jahnv\anaconda3;C:\Users\jahnv\anaconda3\Library\mingw-w64\bin;C:\Users\jahnv\anaconda3\Library\usr\bin;C:\Users\jahnv\anaconda3\Library\bin;C:\Users\jahnv\anaconda3\Scripts;C:\Users\jahnv\AppData\Local\Microsoft\WindowsApps;C:\Users\jahnv\Downloads\Microsoft VS Code\bin;C:\Program Files\Multipass\bin;C:\Users\jahnv\.dotnet\tools;C:\iverilog\bin;C:\iverilog\gtkwave\bin;C:\msys64\mingw64\bin;C:\msys64\ucrt64\bin;;C:\WINDOWS\system32;
USERNAME=jahnv
OS=Windows_NT
PROCESSOR_IDENTIFIER=AMD64 Family 23 Model 104 Stepping 1, AuthenticAMD
TMP=C:\Users\jahnv\AppData\Local\Temp
TEMP=C:\Users\jahnv\AppData\Local\Temp




Periodic native trim disabled

---------------  S Y S T E M  ---------------

OS:
 Windows 11 , 64 bit Build 22621 (10.0.22621.4391)
OS uptime: 8 days 16:34 hours

CPU: total 12 (initial active 12) (12 cores per cpu, 2 threads per core) family 23 model 104 stepping 1 microcode 0x0, cx8, cmov, fxsr, ht, mmx, 3dnowpref, sse, sse2, sse3, ssse3, sse4a, sse4.1, sse4.2, popcnt, lzcnt, tsc, tscinvbit, avx, avx2, aes, clmul, bmi1, bmi2, adx, sha, fma, vzeroupper, clflush, clflushopt, rdtscp, rdpid, f16c
Processor Information for processor 0
  Max Mhz: 2100, Current Mhz: 1988, Mhz Limit: 2100
Processor Information for processor 1
  Max Mhz: 2100, Current Mhz: 1988, Mhz Limit: 2100
Processor Information for processor 2
  Max Mhz: 2100, Current Mhz: 2100, Mhz Limit: 2100
Processor Information for processor 3
  Max Mhz: 2100, Current Mhz: 1988, Mhz Limit: 2100
Processor Information for processor 4
  Max Mhz: 2100, Current Mhz: 1988, Mhz Limit: 2100
Processor Information for processor 5
  Max Mhz: 2100, Current Mhz: 1988, Mhz Limit: 2100
Processor Information for processor 6
  Max Mhz: 2100, Current Mhz: 1988, Mhz Limit: 2100
Processor Information for processor 7
  Max Mhz: 2100, Current Mhz: 1988, Mhz Limit: 2100
Processor Information for processor 8
  Max Mhz: 2100, Current Mhz: 1988, Mhz Limit: 2100
Processor Information for processor 9
  Max Mhz: 2100, Current Mhz: 2100, Mhz Limit: 2100
Processor Information for processor 10
  Max Mhz: 2100, Current Mhz: 1988, Mhz Limit: 2100
Processor Information for processor 11
  Max Mhz: 2100, Current Mhz: 1988, Mhz Limit: 2100

Memory: 4k page, system-wide physical 5978M (547M free)
TotalPageFile size 24410M (AvailPageFile size 53M)
current process WorkingSet (physical memory assigned to process): 12M, peak: 12M
current process commit charge ("private bytes"): 64M, peak: 158M

vm_info: Java HotSpot(TM) 64-Bit Server VM (23.0.2+7-58) for windows-amd64 JRE (23.0.2+7-58), built on 2024-11-29T09:34:55Z with MS VC++ 17.6 (VS2022)

END.
